<?xml version="1.0" encoding="UTF-8"?>
<!-- Generated by org.testng.reporters.JUnitXMLReporter -->
<testsuite ignored="0" hostname="DESKTOP-E7SSQUU" failures="1" tests="1" name="Surefire test" time="0.077" errors="0" timestamp="2025-10-15T23:46:32 IST">
  <testcase classname="seleniumGrid.ParallelTest" name="crossBrowserTest" time="0.0">
    <failure type="org.testng.TestNGException" message="
Parameter &amp;apos;bname&amp;apos; is required by @Test on method crossBrowserTest but has not been marked @Optional or defined
">
      <![CDATA[org.testng.TestNGException: 
Parameter 'bname' is required by @Test on method crossBrowserTest but has not been marked @Optional or defined

at java.base/java.util.ArrayList.forEach(ArrayList.java:1596)
... Removed 31 stack frames]]>
    </failure>
  </testcase> <!-- crossBrowserTest -->
</testsuite> <!-- Surefire test -->
